<?xml version="1.0" encoding="UTF-8"?>
<!-- Generated by org.testng.reporters.JUnitXMLReporter -->
<testsuite ignored="3" hostname="DESKTOP-V6P045J" failures="0" tests="1" name="Default test" time="7.991" errors="0" timestamp="2024-09-13T16:32:16 IST">
  <testcase classname="com.sd.testLayer.VerifyProductPage" name="verifyProductIsAddingToCart" time="4.544"/>
  <testcase classname="com.sd.testLayer.VerifyProductPage" name="verifyProcutDetails" time="0.0">
    <ignored/>
  </testcase> <!-- verifyProcutDetails -->
  <testcase classname="com.sd.testLayer.VerifyProductPage" name="verifyProduct2" time="0.0">
    <ignored/>
  </testcase> <!-- verifyProduct2 -->
  <testcase classname="com.sd.testLayer.VerifyProductPage" name="verifyProductPage" time="0.0">
    <ignored/>
  </testcase> <!-- verifyProductPage -->
</testsuite> <!-- Default test -->
