<?xml version="1.0" encoding="UTF-8"?>
<testng-results ignored="0" total="1" passed="1" failed="0" skipped="0">
  <reporter-output>
  </reporter-output>
  <suite started-at="2024-09-13T16:32:08 IST" name="Default suite" finished-at="2024-09-13T16:32:16 IST" duration-ms="7991">
    <groups>
    </groups>
    <test started-at="2024-09-13T16:32:08 IST" name="Default test" finished-at="2024-09-13T16:32:16 IST" duration-ms="7991">
      <class name="com.sd.testLayer.VerifyProductPage">
        <test-method is-config="true" signature="setup()[pri:0, instance:com.sd.testLayer.VerifyProductPage@815b41f]" started-at="2024-09-13T16:32:08 IST" name="setup" finished-at="2024-09-13T16:32:11 IST" duration-ms="3175" status="PASS">
          <reporter-output>
          </reporter-output>
        </test-method> <!-- setup -->
        <test-method signature="verifyProductIsAddingToCart()[pri:0, instance:com.sd.testLayer.VerifyProductPage@815b41f]" started-at="2024-09-13T16:32:11 IST" name="verifyProductIsAddingToCart" finished-at="2024-09-13T16:32:16 IST" duration-ms="4544" status="PASS">
          <reporter-output>
          </reporter-output>
        </test-method> <!-- verifyProductIsAddingToCart -->
        <test-method is-config="true" signature="tearDown()[pri:0, instance:com.sd.testLayer.VerifyProductPage@815b41f]" started-at="2024-09-13T16:32:16 IST" name="tearDown" finished-at="2024-09-13T16:32:16 IST" duration-ms="220" status="PASS">
          <reporter-output>
          </reporter-output>
        </test-method> <!-- tearDown -->
      </class> <!-- com.sd.testLayer.VerifyProductPage -->
    </test> <!-- Default test -->
  </suite> <!-- Default suite -->
</testng-results>
